2020-02-23 01:29:45.107 [SpringContextShutdownHook] INFO  o.s.scheduling.concurrent.ThreadPoolTaskExecutor - Shutting down ExecutorService 'applicationTaskExecutor'
2020-02-23 01:29:45.267 [SpringContextShutdownHook] INFO  com.alibaba.druid.pool.DruidDataSource - {dataSource-1} closing ...
2020-02-23 01:29:45.305 [SpringContextShutdownHook] INFO  com.alibaba.druid.pool.DruidDataSource - {dataSource-1} closed
2020-02-23 01:30:12.492 [main] INFO  com.fridy.backend.BackendApplication - Starting BackendApplication on yueyueyyuedeAir with PID 43418 (/Users/etsugatsukoshietsu/Projects/javaLearn/fridyBackend/target/classes started by etsugatsukoshietsu in /Users/etsugatsukoshietsu/Projects/javaLearn/fridyBackend)
2020-02-23 01:30:12.496 [main] INFO  com.fridy.backend.BackendApplication - The following profiles are active: dev
2020-02-23 01:30:15.065 [main] INFO  o.s.boot.web.embedded.tomcat.TomcatWebServer - Tomcat initialized with port(s): 8080 (http)
2020-02-23 01:30:15.091 [main] INFO  org.apache.coyote.http11.Http11NioProtocol - Initializing ProtocolHandler ["http-nio-8080"]
2020-02-23 01:30:15.092 [main] INFO  org.apache.catalina.core.StandardService - Starting service [Tomcat]
2020-02-23 01:30:15.094 [main] INFO  org.apache.catalina.core.StandardEngine - Starting Servlet engine: [Apache Tomcat/9.0.30]
2020-02-23 01:30:15.239 [main] INFO  o.a.c.core.ContainerBase.[Tomcat].[localhost].[/] - Initializing Spring embedded WebApplicationContext
2020-02-23 01:30:15.240 [main] INFO  org.springframework.web.context.ContextLoader - Root WebApplicationContext: initialization completed in 2574 ms
2020-02-23 01:30:15.819 [main] INFO  com.alibaba.druid.pool.DruidDataSource - {dataSource-0} closing ...
2020-02-23 01:30:15.830 [main] INFO  org.apache.catalina.core.StandardService - Stopping service [Tomcat]
2020-02-23 01:30:15.870 [main] INFO  o.s.b.a.l.ConditionEvaluationReportLoggingListener - 

Error starting ApplicationContext. To display the conditions report re-run your application with 'debug' enabled.
2020-02-23 01:30:47.405 [main] INFO  com.fridy.backend.BackendApplication - Starting BackendApplication on yueyueyyuedeAir with PID 43431 (/Users/etsugatsukoshietsu/Projects/javaLearn/fridyBackend/target/classes started by etsugatsukoshietsu in /Users/etsugatsukoshietsu/Projects/javaLearn/fridyBackend)
2020-02-23 01:30:47.410 [main] INFO  com.fridy.backend.BackendApplication - The following profiles are active: dev
2020-02-23 01:30:49.933 [main] INFO  o.s.boot.web.embedded.tomcat.TomcatWebServer - Tomcat initialized with port(s): 8080 (http)
2020-02-23 01:30:49.945 [main] INFO  org.apache.coyote.http11.Http11NioProtocol - Initializing ProtocolHandler ["http-nio-8080"]
2020-02-23 01:30:49.946 [main] INFO  org.apache.catalina.core.StandardService - Starting service [Tomcat]
2020-02-23 01:30:49.947 [main] INFO  org.apache.catalina.core.StandardEngine - Starting Servlet engine: [Apache Tomcat/9.0.30]
2020-02-23 01:30:50.046 [main] INFO  o.a.c.core.ContainerBase.[Tomcat].[localhost].[/] - Initializing Spring embedded WebApplicationContext
2020-02-23 01:30:50.047 [main] INFO  org.springframework.web.context.ContextLoader - Root WebApplicationContext: initialization completed in 2384 ms
2020-02-23 01:30:50.727 [main] INFO  com.alibaba.druid.pool.DruidDataSource - {dataSource-0} closing ...
2020-02-23 01:30:50.731 [main] INFO  org.apache.catalina.core.StandardService - Stopping service [Tomcat]
2020-02-23 01:30:50.760 [main] INFO  o.s.b.a.l.ConditionEvaluationReportLoggingListener - 

Error starting ApplicationContext. To display the conditions report re-run your application with 'debug' enabled.
2020-02-23 01:31:27.199 [main] INFO  com.fridy.backend.BackendApplication - Starting BackendApplication on yueyueyyuedeAir with PID 43436 (/Users/etsugatsukoshietsu/Projects/javaLearn/fridyBackend/target/classes started by etsugatsukoshietsu in /Users/etsugatsukoshietsu/Projects/javaLearn/fridyBackend)
2020-02-23 01:31:27.235 [main] INFO  com.fridy.backend.BackendApplication - The following profiles are active: dev
2020-02-23 01:31:30.220 [main] INFO  o.s.boot.web.embedded.tomcat.TomcatWebServer - Tomcat initialized with port(s): 8080 (http)
2020-02-23 01:31:30.230 [main] INFO  org.apache.coyote.http11.Http11NioProtocol - Initializing ProtocolHandler ["http-nio-8080"]
2020-02-23 01:31:30.231 [main] INFO  org.apache.catalina.core.StandardService - Starting service [Tomcat]
2020-02-23 01:31:30.232 [main] INFO  org.apache.catalina.core.StandardEngine - Starting Servlet engine: [Apache Tomcat/9.0.30]
2020-02-23 01:31:30.327 [main] INFO  o.a.c.core.ContainerBase.[Tomcat].[localhost].[/] - Initializing Spring embedded WebApplicationContext
2020-02-23 01:31:30.328 [main] INFO  org.springframework.web.context.ContextLoader - Root WebApplicationContext: initialization completed in 2966 ms
2020-02-23 01:31:30.674 [main] INFO  com.alibaba.druid.pool.DruidDataSource - {dataSource-0} closing ...
2020-02-23 01:31:30.677 [main] INFO  org.apache.catalina.core.StandardService - Stopping service [Tomcat]
2020-02-23 01:31:30.700 [main] INFO  o.s.b.a.l.ConditionEvaluationReportLoggingListener - 

Error starting ApplicationContext. To display the conditions report re-run your application with 'debug' enabled.
2020-02-23 01:32:40.811 [main] INFO  com.fridy.backend.BackendApplication - Starting BackendApplication on yueyueyyuedeAir with PID 43448 (/Users/etsugatsukoshietsu/Projects/javaLearn/fridyBackend/target/classes started by etsugatsukoshietsu in /Users/etsugatsukoshietsu/Projects/javaLearn/fridyBackend)
2020-02-23 01:32:40.813 [main] INFO  com.fridy.backend.BackendApplication - The following profiles are active: dev
2020-02-23 01:32:42.242 [main] INFO  o.s.boot.web.embedded.tomcat.TomcatWebServer - Tomcat initialized with port(s): 8080 (http)
2020-02-23 01:32:42.252 [main] INFO  org.apache.coyote.http11.Http11NioProtocol - Initializing ProtocolHandler ["http-nio-8080"]
2020-02-23 01:32:42.253 [main] INFO  org.apache.catalina.core.StandardService - Starting service [Tomcat]
2020-02-23 01:32:42.253 [main] INFO  org.apache.catalina.core.StandardEngine - Starting Servlet engine: [Apache Tomcat/9.0.30]
2020-02-23 01:32:42.350 [main] INFO  o.a.c.core.ContainerBase.[Tomcat].[localhost].[/] - Initializing Spring embedded WebApplicationContext
2020-02-23 01:32:42.350 [main] INFO  org.springframework.web.context.ContextLoader - Root WebApplicationContext: initialization completed in 1414 ms
2020-02-23 01:32:43.106 [main] INFO  o.s.scheduling.concurrent.ThreadPoolTaskExecutor - Initializing ExecutorService 'applicationTaskExecutor'
2020-02-23 01:32:43.226 [main] INFO  o.s.b.a.web.servlet.WelcomePageHandlerMapping - Adding welcome page template: index
2020-02-23 01:32:43.578 [main] INFO  org.apache.coyote.http11.Http11NioProtocol - Starting ProtocolHandler ["http-nio-8080"]
2020-02-23 01:32:43.704 [main] INFO  o.s.boot.web.embedded.tomcat.TomcatWebServer - Tomcat started on port(s): 8080 (http) with context path ''
2020-02-23 01:32:43.716 [main] INFO  com.fridy.backend.BackendApplication - Started BackendApplication in 23.881 seconds (JVM running for 30.093)
2020-02-23 01:32:46.708 [http-nio-8080-exec-1] INFO  o.a.c.core.ContainerBase.[Tomcat].[localhost].[/] - Initializing Spring DispatcherServlet 'dispatcherServlet'
2020-02-23 01:32:46.710 [http-nio-8080-exec-1] INFO  org.springframework.web.servlet.DispatcherServlet - Initializing Servlet 'dispatcherServlet'
2020-02-23 01:32:46.721 [http-nio-8080-exec-1] INFO  org.springframework.web.servlet.DispatcherServlet - Completed initialization in 11 ms
2020-02-23 01:32:49.499 [http-nio-8080-exec-10] INFO  com.alibaba.druid.pool.DruidDataSource - {dataSource-1} inited
2020-02-23 01:33:40.807 [SpringContextShutdownHook] INFO  o.s.scheduling.concurrent.ThreadPoolTaskExecutor - Shutting down ExecutorService 'applicationTaskExecutor'
2020-02-23 01:33:40.809 [SpringContextShutdownHook] INFO  com.alibaba.druid.pool.DruidDataSource - {dataSource-1} closing ...
2020-02-23 01:33:40.840 [SpringContextShutdownHook] INFO  com.alibaba.druid.pool.DruidDataSource - {dataSource-1} closed
2020-02-23 01:33:48.518 [main] INFO  com.fridy.backend.BackendApplication - Starting BackendApplication on yueyueyyuedeAir with PID 43462 (/Users/etsugatsukoshietsu/Projects/javaLearn/fridyBackend/target/classes started by etsugatsukoshietsu in /Users/etsugatsukoshietsu/Projects/javaLearn/fridyBackend)
2020-02-23 01:33:48.522 [main] INFO  com.fridy.backend.BackendApplication - The following profiles are active: dev
2020-02-23 01:33:49.731 [main] INFO  o.s.boot.web.embedded.tomcat.TomcatWebServer - Tomcat initialized with port(s): 8080 (http)
2020-02-23 01:33:49.758 [main] INFO  org.apache.coyote.http11.Http11NioProtocol - Initializing ProtocolHandler ["http-nio-8080"]
2020-02-23 01:33:49.759 [main] INFO  org.apache.catalina.core.StandardService - Starting service [Tomcat]
2020-02-23 01:33:49.759 [main] INFO  org.apache.catalina.core.StandardEngine - Starting Servlet engine: [Apache Tomcat/9.0.30]
2020-02-23 01:33:49.831 [main] INFO  o.a.c.core.ContainerBase.[Tomcat].[localhost].[/] - Initializing Spring embedded WebApplicationContext
2020-02-23 01:33:49.831 [main] INFO  org.springframework.web.context.ContextLoader - Root WebApplicationContext: initialization completed in 1170 ms
2020-02-23 01:33:50.246 [main] INFO  o.s.scheduling.concurrent.ThreadPoolTaskExecutor - Initializing ExecutorService 'applicationTaskExecutor'
2020-02-23 01:33:50.316 [main] INFO  o.s.b.a.web.servlet.WelcomePageHandlerMapping - Adding welcome page template: index
2020-02-23 01:33:50.530 [main] INFO  org.apache.coyote.http11.Http11NioProtocol - Starting ProtocolHandler ["http-nio-8080"]
2020-02-23 01:33:50.578 [main] INFO  o.s.boot.web.embedded.tomcat.TomcatWebServer - Tomcat started on port(s): 8080 (http) with context path ''
2020-02-23 01:33:50.588 [main] INFO  com.fridy.backend.BackendApplication - Started BackendApplication in 2.691 seconds (JVM running for 4.959)
2020-02-23 01:34:00.773 [http-nio-8080-exec-1] INFO  o.a.c.core.ContainerBase.[Tomcat].[localhost].[/] - Initializing Spring DispatcherServlet 'dispatcherServlet'
2020-02-23 01:34:00.774 [http-nio-8080-exec-1] INFO  org.springframework.web.servlet.DispatcherServlet - Initializing Servlet 'dispatcherServlet'
2020-02-23 01:34:00.784 [http-nio-8080-exec-1] INFO  org.springframework.web.servlet.DispatcherServlet - Completed initialization in 10 ms
2020-02-23 01:34:02.045 [http-nio-8080-exec-3] INFO  com.alibaba.druid.pool.DruidDataSource - {dataSource-1} inited
2020-02-23 01:34:39.449 [SpringContextShutdownHook] INFO  o.s.scheduling.concurrent.ThreadPoolTaskExecutor - Shutting down ExecutorService 'applicationTaskExecutor'
2020-02-23 01:34:39.452 [SpringContextShutdownHook] INFO  com.alibaba.druid.pool.DruidDataSource - {dataSource-1} closing ...
2020-02-23 01:34:39.475 [SpringContextShutdownHook] INFO  com.alibaba.druid.pool.DruidDataSource - {dataSource-1} closed
2020-02-23 01:34:47.766 [main] INFO  com.fridy.backend.BackendApplication - Starting BackendApplication on yueyueyyuedeAir with PID 43469 (/Users/etsugatsukoshietsu/Projects/javaLearn/fridyBackend/target/classes started by etsugatsukoshietsu in /Users/etsugatsukoshietsu/Projects/javaLearn/fridyBackend)
2020-02-23 01:34:47.773 [main] INFO  com.fridy.backend.BackendApplication - The following profiles are active: dev
2020-02-23 01:34:50.790 [main] INFO  o.s.boot.web.embedded.tomcat.TomcatWebServer - Tomcat initialized with port(s): 8080 (http)
2020-02-23 01:34:50.806 [main] INFO  org.apache.coyote.http11.Http11NioProtocol - Initializing ProtocolHandler ["http-nio-8080"]
2020-02-23 01:34:50.807 [main] INFO  org.apache.catalina.core.StandardService - Starting service [Tomcat]
2020-02-23 01:34:50.808 [main] INFO  org.apache.catalina.core.StandardEngine - Starting Servlet engine: [Apache Tomcat/9.0.30]
2020-02-23 01:34:51.024 [main] INFO  o.a.c.core.ContainerBase.[Tomcat].[localhost].[/] - Initializing Spring embedded WebApplicationContext
2020-02-23 01:34:51.025 [main] INFO  org.springframework.web.context.ContextLoader - Root WebApplicationContext: initialization completed in 2956 ms
2020-02-23 01:34:52.007 [main] INFO  o.s.scheduling.concurrent.ThreadPoolTaskExecutor - Initializing ExecutorService 'applicationTaskExecutor'
2020-02-23 01:34:52.102 [main] INFO  o.s.b.a.web.servlet.WelcomePageHandlerMapping - Adding welcome page template: index
2020-02-23 01:34:52.471 [main] INFO  org.apache.coyote.http11.Http11NioProtocol - Starting ProtocolHandler ["http-nio-8080"]
2020-02-23 01:34:52.538 [main] INFO  o.s.boot.web.embedded.tomcat.TomcatWebServer - Tomcat started on port(s): 8080 (http) with context path ''
2020-02-23 01:34:52.546 [main] INFO  com.fridy.backend.BackendApplication - Started BackendApplication in 6.853 seconds (JVM running for 9.402)
2020-02-23 01:35:07.786 [http-nio-8080-exec-1] INFO  o.a.c.core.ContainerBase.[Tomcat].[localhost].[/] - Initializing Spring DispatcherServlet 'dispatcherServlet'
2020-02-23 01:35:07.787 [http-nio-8080-exec-1] INFO  org.springframework.web.servlet.DispatcherServlet - Initializing Servlet 'dispatcherServlet'
2020-02-23 01:35:07.797 [http-nio-8080-exec-1] INFO  org.springframework.web.servlet.DispatcherServlet - Completed initialization in 10 ms
2020-02-23 01:35:09.271 [http-nio-8080-exec-3] INFO  com.alibaba.druid.pool.DruidDataSource - {dataSource-1} inited
2020-02-23 01:36:54.718 [SpringContextShutdownHook] INFO  o.s.scheduling.concurrent.ThreadPoolTaskExecutor - Shutting down ExecutorService 'applicationTaskExecutor'
2020-02-23 01:36:54.720 [SpringContextShutdownHook] INFO  com.alibaba.druid.pool.DruidDataSource - {dataSource-1} closing ...
2020-02-23 01:36:54.739 [SpringContextShutdownHook] INFO  com.alibaba.druid.pool.DruidDataSource - {dataSource-1} closed
2020-02-23 01:37:02.976 [main] INFO  com.fridy.backend.BackendApplication - Starting BackendApplication on yueyueyyuedeAir with PID 43478 (/Users/etsugatsukoshietsu/Projects/javaLearn/fridyBackend/target/classes started by etsugatsukoshietsu in /Users/etsugatsukoshietsu/Projects/javaLearn/fridyBackend)
2020-02-23 01:37:02.995 [main] INFO  com.fridy.backend.BackendApplication - The following profiles are active: dev
2020-02-23 01:37:05.371 [main] INFO  o.s.boot.web.embedded.tomcat.TomcatWebServer - Tomcat initialized with port(s): 8080 (http)
2020-02-23 01:37:05.483 [main] INFO  org.apache.coyote.http11.Http11NioProtocol - Initializing ProtocolHandler ["http-nio-8080"]
2020-02-23 01:37:05.486 [main] INFO  org.apache.catalina.core.StandardService - Starting service [Tomcat]
2020-02-23 01:37:05.486 [main] INFO  org.apache.catalina.core.StandardEngine - Starting Servlet engine: [Apache Tomcat/9.0.30]
2020-02-23 01:37:05.606 [main] INFO  o.a.c.core.ContainerBase.[Tomcat].[localhost].[/] - Initializing Spring embedded WebApplicationContext
2020-02-23 01:37:05.607 [main] INFO  org.springframework.web.context.ContextLoader - Root WebApplicationContext: initialization completed in 2360 ms
2020-02-23 01:37:06.089 [main] INFO  o.s.scheduling.concurrent.ThreadPoolTaskExecutor - Initializing ExecutorService 'applicationTaskExecutor'
2020-02-23 01:37:06.164 [main] INFO  o.s.b.a.web.servlet.WelcomePageHandlerMapping - Adding welcome page template: index
2020-02-23 01:37:06.356 [main] INFO  org.apache.coyote.http11.Http11NioProtocol - Starting ProtocolHandler ["http-nio-8080"]
2020-02-23 01:37:06.443 [main] INFO  o.s.boot.web.embedded.tomcat.TomcatWebServer - Tomcat started on port(s): 8080 (http) with context path ''
2020-02-23 01:37:06.792 [main] INFO  com.fridy.backend.BackendApplication - Started BackendApplication in 4.528 seconds (JVM running for 5.877)
2020-02-23 01:37:06.885 [http-nio-8080-exec-1] INFO  o.a.c.core.ContainerBase.[Tomcat].[localhost].[/] - Initializing Spring DispatcherServlet 'dispatcherServlet'
2020-02-23 01:37:06.886 [http-nio-8080-exec-1] INFO  org.springframework.web.servlet.DispatcherServlet - Initializing Servlet 'dispatcherServlet'
2020-02-23 01:37:06.893 [http-nio-8080-exec-1] INFO  org.springframework.web.servlet.DispatcherServlet - Completed initialization in 7 ms
2020-02-23 01:37:09.851 [http-nio-8080-exec-3] INFO  com.alibaba.druid.pool.DruidDataSource - {dataSource-1} inited
2020-02-23 01:37:43.782 [SpringContextShutdownHook] INFO  o.s.scheduling.concurrent.ThreadPoolTaskExecutor - Shutting down ExecutorService 'applicationTaskExecutor'
2020-02-23 01:37:43.790 [SpringContextShutdownHook] INFO  com.alibaba.druid.pool.DruidDataSource - {dataSource-1} closing ...
2020-02-23 01:37:43.829 [SpringContextShutdownHook] INFO  com.alibaba.druid.pool.DruidDataSource - {dataSource-1} closed
2020-02-23 01:37:48.999 [main] INFO  com.fridy.backend.BackendApplication - Starting BackendApplication on yueyueyyuedeAir with PID 43486 (/Users/etsugatsukoshietsu/Projects/javaLearn/fridyBackend/target/classes started by etsugatsukoshietsu in /Users/etsugatsukoshietsu/Projects/javaLearn/fridyBackend)
2020-02-23 01:37:49.002 [main] INFO  com.fridy.backend.BackendApplication - The following profiles are active: dev
2020-02-23 01:37:50.958 [main] INFO  o.s.boot.web.embedded.tomcat.TomcatWebServer - Tomcat initialized with port(s): 8080 (http)
2020-02-23 01:37:50.982 [main] INFO  org.apache.coyote.http11.Http11NioProtocol - Initializing ProtocolHandler ["http-nio-8080"]
2020-02-23 01:37:50.983 [main] INFO  org.apache.catalina.core.StandardService - Starting service [Tomcat]
2020-02-23 01:37:50.984 [main] INFO  org.apache.catalina.core.StandardEngine - Starting Servlet engine: [Apache Tomcat/9.0.30]
2020-02-23 01:37:51.071 [main] INFO  o.a.c.core.ContainerBase.[Tomcat].[localhost].[/] - Initializing Spring embedded WebApplicationContext
2020-02-23 01:37:51.071 [main] INFO  org.springframework.web.context.ContextLoader - Root WebApplicationContext: initialization completed in 1902 ms
2020-02-23 01:37:51.546 [main] INFO  o.s.scheduling.concurrent.ThreadPoolTaskExecutor - Initializing ExecutorService 'applicationTaskExecutor'
2020-02-23 01:37:51.610 [main] INFO  o.s.b.a.web.servlet.WelcomePageHandlerMapping - Adding welcome page template: index
2020-02-23 01:37:51.797 [main] INFO  org.apache.coyote.http11.Http11NioProtocol - Starting ProtocolHandler ["http-nio-8080"]
2020-02-23 01:37:51.839 [main] INFO  o.s.boot.web.embedded.tomcat.TomcatWebServer - Tomcat started on port(s): 8080 (http) with context path ''
2020-02-23 01:37:51.845 [main] INFO  com.fridy.backend.BackendApplication - Started BackendApplication in 3.643 seconds (JVM running for 4.465)
2020-02-23 01:37:56.740 [http-nio-8080-exec-1] INFO  o.a.c.core.ContainerBase.[Tomcat].[localhost].[/] - Initializing Spring DispatcherServlet 'dispatcherServlet'
2020-02-23 01:37:56.741 [http-nio-8080-exec-1] INFO  org.springframework.web.servlet.DispatcherServlet - Initializing Servlet 'dispatcherServlet'
2020-02-23 01:37:56.759 [http-nio-8080-exec-1] INFO  org.springframework.web.servlet.DispatcherServlet - Completed initialization in 8 ms
2020-02-23 01:37:58.321 [http-nio-8080-exec-3] INFO  com.alibaba.druid.pool.DruidDataSource - {dataSource-1} inited
2020-02-23 01:39:49.714 [SpringContextShutdownHook] INFO  o.s.scheduling.concurrent.ThreadPoolTaskExecutor - Shutting down ExecutorService 'applicationTaskExecutor'
2020-02-23 01:39:49.716 [SpringContextShutdownHook] INFO  com.alibaba.druid.pool.DruidDataSource - {dataSource-1} closing ...
2020-02-23 01:39:49.730 [SpringContextShutdownHook] INFO  com.alibaba.druid.pool.DruidDataSource - {dataSource-1} closed
2020-02-23 01:39:56.583 [main] INFO  com.fridy.backend.BackendApplication - Starting BackendApplication on yueyueyyuedeAir with PID 43496 (/Users/etsugatsukoshietsu/Projects/javaLearn/fridyBackend/target/classes started by etsugatsukoshietsu in /Users/etsugatsukoshietsu/Projects/javaLearn/fridyBackend)
2020-02-23 01:39:56.587 [main] INFO  com.fridy.backend.BackendApplication - The following profiles are active: dev
2020-02-23 01:39:58.362 [main] INFO  o.s.boot.web.embedded.tomcat.TomcatWebServer - Tomcat initialized with port(s): 8080 (http)
2020-02-23 01:39:58.375 [main] INFO  org.apache.coyote.http11.Http11NioProtocol - Initializing ProtocolHandler ["http-nio-8080"]
2020-02-23 01:39:58.376 [main] INFO  org.apache.catalina.core.StandardService - Starting service [Tomcat]
2020-02-23 01:39:58.376 [main] INFO  org.apache.catalina.core.StandardEngine - Starting Servlet engine: [Apache Tomcat/9.0.30]
2020-02-23 01:39:58.504 [main] INFO  o.a.c.core.ContainerBase.[Tomcat].[localhost].[/] - Initializing Spring embedded WebApplicationContext
2020-02-23 01:39:58.504 [main] INFO  org.springframework.web.context.ContextLoader - Root WebApplicationContext: initialization completed in 1734 ms
2020-02-23 01:39:58.941 [main] INFO  o.s.scheduling.concurrent.ThreadPoolTaskExecutor - Initializing ExecutorService 'applicationTaskExecutor'
2020-02-23 01:39:59.000 [main] INFO  o.s.b.a.web.servlet.WelcomePageHandlerMapping - Adding welcome page template: index
2020-02-23 01:39:59.164 [main] INFO  org.apache.coyote.http11.Http11NioProtocol - Starting ProtocolHandler ["http-nio-8080"]
2020-02-23 01:39:59.206 [main] INFO  o.s.boot.web.embedded.tomcat.TomcatWebServer - Tomcat started on port(s): 8080 (http) with context path ''
2020-02-23 01:39:59.211 [main] INFO  com.fridy.backend.BackendApplication - Started BackendApplication in 3.415 seconds (JVM running for 4.498)
2020-02-23 01:40:04.736 [http-nio-8080-exec-1] INFO  o.a.c.core.ContainerBase.[Tomcat].[localhost].[/] - Initializing Spring DispatcherServlet 'dispatcherServlet'
2020-02-23 01:40:04.737 [http-nio-8080-exec-1] INFO  org.springframework.web.servlet.DispatcherServlet - Initializing Servlet 'dispatcherServlet'
2020-02-23 01:40:04.748 [http-nio-8080-exec-1] INFO  org.springframework.web.servlet.DispatcherServlet - Completed initialization in 11 ms
2020-02-23 01:40:05.815 [http-nio-8080-exec-3] INFO  com.alibaba.druid.pool.DruidDataSource - {dataSource-1} inited
2020-02-23 01:44:43.121 [SpringContextShutdownHook] INFO  o.s.scheduling.concurrent.ThreadPoolTaskExecutor - Shutting down ExecutorService 'applicationTaskExecutor'
2020-02-23 01:44:43.138 [SpringContextShutdownHook] INFO  com.alibaba.druid.pool.DruidDataSource - {dataSource-1} closing ...
2020-02-23 01:44:43.195 [SpringContextShutdownHook] INFO  com.alibaba.druid.pool.DruidDataSource - {dataSource-1} closed
2020-02-23 01:44:50.225 [main] INFO  com.fridy.backend.BackendApplication - Starting BackendApplication on yueyueyyuedeAir with PID 43513 (/Users/etsugatsukoshietsu/Projects/javaLearn/fridyBackend/target/classes started by etsugatsukoshietsu in /Users/etsugatsukoshietsu/Projects/javaLearn/fridyBackend)
2020-02-23 01:44:50.232 [main] INFO  com.fridy.backend.BackendApplication - The following profiles are active: dev
2020-02-23 01:44:52.606 [main] INFO  o.s.boot.web.embedded.tomcat.TomcatWebServer - Tomcat initialized with port(s): 8080 (http)
2020-02-23 01:44:52.619 [main] INFO  org.apache.coyote.http11.Http11NioProtocol - Initializing ProtocolHandler ["http-nio-8080"]
2020-02-23 01:44:52.620 [main] INFO  org.apache.catalina.core.StandardService - Starting service [Tomcat]
2020-02-23 01:44:52.621 [main] INFO  org.apache.catalina.core.StandardEngine - Starting Servlet engine: [Apache Tomcat/9.0.30]
2020-02-23 01:44:52.746 [main] INFO  o.a.c.core.ContainerBase.[Tomcat].[localhost].[/] - Initializing Spring embedded WebApplicationContext
2020-02-23 01:44:52.746 [main] INFO  org.springframework.web.context.ContextLoader - Root WebApplicationContext: initialization completed in 2306 ms
2020-02-23 01:44:53.312 [main] INFO  o.s.scheduling.concurrent.ThreadPoolTaskExecutor - Initializing ExecutorService 'applicationTaskExecutor'
2020-02-23 01:44:53.396 [main] INFO  o.s.b.a.web.servlet.WelcomePageHandlerMapping - Adding welcome page template: index
2020-02-23 01:44:53.800 [main] INFO  org.apache.coyote.http11.Http11NioProtocol - Starting ProtocolHandler ["http-nio-8080"]
2020-02-23 01:44:53.855 [main] INFO  o.s.boot.web.embedded.tomcat.TomcatWebServer - Tomcat started on port(s): 8080 (http) with context path ''
2020-02-23 01:44:53.863 [main] INFO  com.fridy.backend.BackendApplication - Started BackendApplication in 5.076 seconds (JVM running for 7.303)
2020-02-23 01:44:58.227 [http-nio-8080-exec-1] INFO  o.a.c.core.ContainerBase.[Tomcat].[localhost].[/] - Initializing Spring DispatcherServlet 'dispatcherServlet'
2020-02-23 01:44:58.227 [http-nio-8080-exec-1] INFO  org.springframework.web.servlet.DispatcherServlet - Initializing Servlet 'dispatcherServlet'
2020-02-23 01:44:58.236 [http-nio-8080-exec-1] INFO  org.springframework.web.servlet.DispatcherServlet - Completed initialization in 9 ms
2020-02-23 01:44:59.795 [http-nio-8080-exec-3] INFO  com.alibaba.druid.pool.DruidDataSource - {dataSource-1} inited
2020-02-23 01:45:27.529 [SpringContextShutdownHook] INFO  o.s.scheduling.concurrent.ThreadPoolTaskExecutor - Shutting down ExecutorService 'applicationTaskExecutor'
2020-02-23 01:45:27.532 [SpringContextShutdownHook] INFO  com.alibaba.druid.pool.DruidDataSource - {dataSource-1} closing ...
2020-02-23 01:45:27.558 [SpringContextShutdownHook] INFO  com.alibaba.druid.pool.DruidDataSource - {dataSource-1} closed
2020-02-23 01:45:31.173 [main] INFO  com.fridy.backend.BackendApplication - Starting BackendApplication on yueyueyyuedeAir with PID 43519 (/Users/etsugatsukoshietsu/Projects/javaLearn/fridyBackend/target/classes started by etsugatsukoshietsu in /Users/etsugatsukoshietsu/Projects/javaLearn/fridyBackend)
2020-02-23 01:45:31.205 [main] INFO  com.fridy.backend.BackendApplication - The following profiles are active: dev
2020-02-23 01:45:33.898 [main] INFO  o.s.boot.web.embedded.tomcat.TomcatWebServer - Tomcat initialized with port(s): 8080 (http)
2020-02-23 01:45:33.909 [main] INFO  org.apache.coyote.http11.Http11NioProtocol - Initializing ProtocolHandler ["http-nio-8080"]
2020-02-23 01:45:33.910 [main] INFO  org.apache.catalina.core.StandardService - Starting service [Tomcat]
2020-02-23 01:45:33.910 [main] INFO  org.apache.catalina.core.StandardEngine - Starting Servlet engine: [Apache Tomcat/9.0.30]
2020-02-23 01:45:33.995 [main] INFO  o.a.c.core.ContainerBase.[Tomcat].[localhost].[/] - Initializing Spring embedded WebApplicationContext
2020-02-23 01:45:33.995 [main] INFO  org.springframework.web.context.ContextLoader - Root WebApplicationContext: initialization completed in 2496 ms
2020-02-23 01:45:34.426 [main] INFO  o.s.scheduling.concurrent.ThreadPoolTaskExecutor - Initializing ExecutorService 'applicationTaskExecutor'
2020-02-23 01:45:34.525 [main] INFO  o.s.b.a.web.servlet.WelcomePageHandlerMapping - Adding welcome page template: index
2020-02-23 01:45:34.718 [main] INFO  org.apache.coyote.http11.Http11NioProtocol - Starting ProtocolHandler ["http-nio-8080"]
2020-02-23 01:45:34.770 [main] INFO  o.s.boot.web.embedded.tomcat.TomcatWebServer - Tomcat started on port(s): 8080 (http) with context path ''
2020-02-23 01:45:34.776 [main] INFO  com.fridy.backend.BackendApplication - Started BackendApplication in 4.554 seconds (JVM running for 5.948)
2020-02-23 01:45:35.489 [http-nio-8080-exec-1] INFO  o.a.c.core.ContainerBase.[Tomcat].[localhost].[/] - Initializing Spring DispatcherServlet 'dispatcherServlet'
2020-02-23 01:45:35.489 [http-nio-8080-exec-1] INFO  org.springframework.web.servlet.DispatcherServlet - Initializing Servlet 'dispatcherServlet'
2020-02-23 01:45:35.503 [http-nio-8080-exec-1] INFO  org.springframework.web.servlet.DispatcherServlet - Completed initialization in 14 ms
2020-02-23 01:45:36.634 [http-nio-8080-exec-3] INFO  com.alibaba.druid.pool.DruidDataSource - {dataSource-1} inited
2020-02-23 01:46:26.980 [SpringContextShutdownHook] INFO  o.s.scheduling.concurrent.ThreadPoolTaskExecutor - Shutting down ExecutorService 'applicationTaskExecutor'
2020-02-23 01:46:26.985 [SpringContextShutdownHook] INFO  com.alibaba.druid.pool.DruidDataSource - {dataSource-1} closing ...
2020-02-23 01:46:27.013 [SpringContextShutdownHook] INFO  com.alibaba.druid.pool.DruidDataSource - {dataSource-1} closed
2020-02-23 01:46:33.268 [main] INFO  com.fridy.backend.BackendApplication - Starting BackendApplication on yueyueyyuedeAir with PID 43529 (/Users/etsugatsukoshietsu/Projects/javaLearn/fridyBackend/target/classes started by etsugatsukoshietsu in /Users/etsugatsukoshietsu/Projects/javaLearn/fridyBackend)
2020-02-23 01:46:33.271 [main] INFO  com.fridy.backend.BackendApplication - The following profiles are active: dev
2020-02-23 01:46:35.140 [main] INFO  o.s.boot.web.embedded.tomcat.TomcatWebServer - Tomcat initialized with port(s): 8080 (http)
2020-02-23 01:46:35.174 [main] INFO  org.apache.coyote.http11.Http11NioProtocol - Initializing ProtocolHandler ["http-nio-8080"]
2020-02-23 01:46:35.176 [main] INFO  org.apache.catalina.core.StandardService - Starting service [Tomcat]
2020-02-23 01:46:35.177 [main] INFO  org.apache.catalina.core.StandardEngine - Starting Servlet engine: [Apache Tomcat/9.0.30]
2020-02-23 01:46:35.283 [main] INFO  o.a.c.core.ContainerBase.[Tomcat].[localhost].[/] - Initializing Spring embedded WebApplicationContext
2020-02-23 01:46:35.284 [main] INFO  org.springframework.web.context.ContextLoader - Root WebApplicationContext: initialization completed in 1874 ms
2020-02-23 01:46:35.776 [main] INFO  o.s.scheduling.concurrent.ThreadPoolTaskExecutor - Initializing ExecutorService 'applicationTaskExecutor'
2020-02-23 01:46:35.845 [main] INFO  o.s.b.a.web.servlet.WelcomePageHandlerMapping - Adding welcome page template: index
2020-02-23 01:46:36.024 [main] INFO  org.apache.coyote.http11.Http11NioProtocol - Starting ProtocolHandler ["http-nio-8080"]
2020-02-23 01:46:36.066 [main] INFO  o.s.boot.web.embedded.tomcat.TomcatWebServer - Tomcat started on port(s): 8080 (http) with context path ''
2020-02-23 01:46:36.071 [main] INFO  com.fridy.backend.BackendApplication - Started BackendApplication in 3.587 seconds (JVM running for 4.422)
2020-02-23 01:46:40.035 [http-nio-8080-exec-1] INFO  o.a.c.core.ContainerBase.[Tomcat].[localhost].[/] - Initializing Spring DispatcherServlet 'dispatcherServlet'
2020-02-23 01:46:40.036 [http-nio-8080-exec-1] INFO  org.springframework.web.servlet.DispatcherServlet - Initializing Servlet 'dispatcherServlet'
2020-02-23 01:46:40.042 [http-nio-8080-exec-1] INFO  org.springframework.web.servlet.DispatcherServlet - Completed initialization in 6 ms
2020-02-23 01:46:41.437 [http-nio-8080-exec-3] INFO  com.alibaba.druid.pool.DruidDataSource - {dataSource-1} inited
2020-02-23 01:47:20.407 [SpringContextShutdownHook] INFO  o.s.scheduling.concurrent.ThreadPoolTaskExecutor - Shutting down ExecutorService 'applicationTaskExecutor'
2020-02-23 01:47:20.411 [SpringContextShutdownHook] INFO  com.alibaba.druid.pool.DruidDataSource - {dataSource-1} closing ...
2020-02-23 01:47:20.443 [SpringContextShutdownHook] INFO  com.alibaba.druid.pool.DruidDataSource - {dataSource-1} closed
2020-02-23 01:47:25.375 [main] INFO  com.fridy.backend.BackendApplication - Starting BackendApplication on yueyueyyuedeAir with PID 43537 (/Users/etsugatsukoshietsu/Projects/javaLearn/fridyBackend/target/classes started by etsugatsukoshietsu in /Users/etsugatsukoshietsu/Projects/javaLearn/fridyBackend)
2020-02-23 01:47:25.382 [main] INFO  com.fridy.backend.BackendApplication - The following profiles are active: dev
2020-02-23 01:47:27.889 [main] INFO  o.s.boot.web.embedded.tomcat.TomcatWebServer - Tomcat initialized with port(s): 8080 (http)
2020-02-23 01:47:27.901 [main] INFO  org.apache.coyote.http11.Http11NioProtocol - Initializing ProtocolHandler ["http-nio-8080"]
2020-02-23 01:47:27.902 [main] INFO  org.apache.catalina.core.StandardService - Starting service [Tomcat]
2020-02-23 01:47:27.903 [main] INFO  org.apache.catalina.core.StandardEngine - Starting Servlet engine: [Apache Tomcat/9.0.30]
2020-02-23 01:47:27.990 [main] INFO  o.a.c.core.ContainerBase.[Tomcat].[localhost].[/] - Initializing Spring embedded WebApplicationContext
2020-02-23 01:47:27.991 [main] INFO  org.springframework.web.context.ContextLoader - Root WebApplicationContext: initialization completed in 2116 ms
2020-02-23 01:47:28.576 [main] INFO  o.s.scheduling.concurrent.ThreadPoolTaskExecutor - Initializing ExecutorService 'applicationTaskExecutor'
2020-02-23 01:47:28.656 [main] INFO  o.s.b.a.web.servlet.WelcomePageHandlerMapping - Adding welcome page template: index
2020-02-23 01:47:28.851 [main] INFO  org.apache.coyote.http11.Http11NioProtocol - Starting ProtocolHandler ["http-nio-8080"]
2020-02-23 01:47:28.898 [main] INFO  o.s.boot.web.embedded.tomcat.TomcatWebServer - Tomcat started on port(s): 8080 (http) with context path ''
2020-02-23 01:47:28.903 [main] INFO  com.fridy.backend.BackendApplication - Started BackendApplication in 4.285 seconds (JVM running for 5.232)
2020-02-23 01:47:32.658 [http-nio-8080-exec-1] INFO  o.a.c.core.ContainerBase.[Tomcat].[localhost].[/] - Initializing Spring DispatcherServlet 'dispatcherServlet'
2020-02-23 01:47:32.658 [http-nio-8080-exec-1] INFO  org.springframework.web.servlet.DispatcherServlet - Initializing Servlet 'dispatcherServlet'
2020-02-23 01:47:32.668 [http-nio-8080-exec-1] INFO  org.springframework.web.servlet.DispatcherServlet - Completed initialization in 10 ms
2020-02-23 01:47:35.982 [http-nio-8080-exec-3] INFO  com.alibaba.druid.pool.DruidDataSource - {dataSource-1} inited
2020-02-23 01:48:10.213 [SpringContextShutdownHook] INFO  o.s.scheduling.concurrent.ThreadPoolTaskExecutor - Shutting down ExecutorService 'applicationTaskExecutor'
2020-02-23 01:48:10.217 [SpringContextShutdownHook] INFO  com.alibaba.druid.pool.DruidDataSource - {dataSource-1} closing ...
2020-02-23 01:48:10.229 [SpringContextShutdownHook] INFO  com.alibaba.druid.pool.DruidDataSource - {dataSource-1} closed
2020-02-23 01:48:20.111 [main] INFO  com.fridy.backend.BackendApplication - Starting BackendApplication on yueyueyyuedeAir with PID 43543 (/Users/etsugatsukoshietsu/Projects/javaLearn/fridyBackend/target/classes started by etsugatsukoshietsu in /Users/etsugatsukoshietsu/Projects/javaLearn/fridyBackend)
2020-02-23 01:48:20.122 [main] INFO  com.fridy.backend.BackendApplication - The following profiles are active: dev
2020-02-23 01:48:21.973 [main] INFO  o.s.boot.web.embedded.tomcat.TomcatWebServer - Tomcat initialized with port(s): 8080 (http)
2020-02-23 01:48:22.027 [main] INFO  org.apache.coyote.http11.Http11NioProtocol - Initializing ProtocolHandler ["http-nio-8080"]
2020-02-23 01:48:22.029 [main] INFO  org.apache.catalina.core.StandardService - Starting service [Tomcat]
2020-02-23 01:48:22.029 [main] INFO  org.apache.catalina.core.StandardEngine - Starting Servlet engine: [Apache Tomcat/9.0.30]
2020-02-23 01:48:22.575 [main] INFO  o.a.c.core.ContainerBase.[Tomcat].[localhost].[/] - Initializing Spring embedded WebApplicationContext
2020-02-23 01:48:22.576 [main] INFO  org.springframework.web.context.ContextLoader - Root WebApplicationContext: initialization completed in 2298 ms
2020-02-23 01:48:23.250 [main] INFO  o.s.scheduling.concurrent.ThreadPoolTaskExecutor - Initializing ExecutorService 'applicationTaskExecutor'
2020-02-23 01:48:23.317 [main] INFO  o.s.b.a.web.servlet.WelcomePageHandlerMapping - Adding welcome page template: index
2020-02-23 01:48:23.539 [main] INFO  org.apache.coyote.http11.Http11NioProtocol - Starting ProtocolHandler ["http-nio-8080"]
2020-02-23 01:48:23.583 [main] INFO  o.s.boot.web.embedded.tomcat.TomcatWebServer - Tomcat started on port(s): 8080 (http) with context path ''
2020-02-23 01:48:23.588 [main] INFO  com.fridy.backend.BackendApplication - Started BackendApplication in 4.837 seconds (JVM running for 6.615)
2020-02-23 01:48:25.196 [http-nio-8080-exec-1] INFO  o.a.c.core.ContainerBase.[Tomcat].[localhost].[/] - Initializing Spring DispatcherServlet 'dispatcherServlet'
2020-02-23 01:48:25.196 [http-nio-8080-exec-1] INFO  org.springframework.web.servlet.DispatcherServlet - Initializing Servlet 'dispatcherServlet'
2020-02-23 01:48:25.204 [http-nio-8080-exec-1] INFO  org.springframework.web.servlet.DispatcherServlet - Completed initialization in 8 ms
2020-02-23 01:48:27.752 [http-nio-8080-exec-3] INFO  com.alibaba.druid.pool.DruidDataSource - {dataSource-1} inited
2020-02-23 01:49:06.854 [SpringContextShutdownHook] INFO  o.s.scheduling.concurrent.ThreadPoolTaskExecutor - Shutting down ExecutorService 'applicationTaskExecutor'
2020-02-23 01:49:06.857 [SpringContextShutdownHook] INFO  com.alibaba.druid.pool.DruidDataSource - {dataSource-1} closing ...
2020-02-23 01:49:06.872 [SpringContextShutdownHook] INFO  com.alibaba.druid.pool.DruidDataSource - {dataSource-1} closed
2020-02-23 01:49:13.797 [main] INFO  com.fridy.backend.BackendApplication - Starting BackendApplication on yueyueyyuedeAir with PID 43551 (/Users/etsugatsukoshietsu/Projects/javaLearn/fridyBackend/target/classes started by etsugatsukoshietsu in /Users/etsugatsukoshietsu/Projects/javaLearn/fridyBackend)
2020-02-23 01:49:13.804 [main] INFO  com.fridy.backend.BackendApplication - The following profiles are active: dev
2020-02-23 01:49:15.912 [main] INFO  o.s.boot.web.embedded.tomcat.TomcatWebServer - Tomcat initialized with port(s): 8080 (http)
2020-02-23 01:49:15.949 [main] INFO  org.apache.coyote.http11.Http11NioProtocol - Initializing ProtocolHandler ["http-nio-8080"]
2020-02-23 01:49:15.950 [main] INFO  org.apache.catalina.core.StandardService - Starting service [Tomcat]
2020-02-23 01:49:15.951 [main] INFO  org.apache.catalina.core.StandardEngine - Starting Servlet engine: [Apache Tomcat/9.0.30]
2020-02-23 01:49:16.098 [main] INFO  o.a.c.core.ContainerBase.[Tomcat].[localhost].[/] - Initializing Spring embedded WebApplicationContext
2020-02-23 01:49:16.098 [main] INFO  org.springframework.web.context.ContextLoader - Root WebApplicationContext: initialization completed in 2154 ms
2020-02-23 01:49:16.918 [main] INFO  o.s.scheduling.concurrent.ThreadPoolTaskExecutor - Initializing ExecutorService 'applicationTaskExecutor'
2020-02-23 01:49:17.005 [main] INFO  o.s.b.a.web.servlet.WelcomePageHandlerMapping - Adding welcome page template: index
2020-02-23 01:49:17.364 [main] INFO  org.apache.coyote.http11.Http11NioProtocol - Starting ProtocolHandler ["http-nio-8080"]
2020-02-23 01:49:17.412 [main] INFO  o.s.boot.web.embedded.tomcat.TomcatWebServer - Tomcat started on port(s): 8080 (http) with context path ''
2020-02-23 01:49:17.421 [main] INFO  com.fridy.backend.BackendApplication - Started BackendApplication in 4.434 seconds (JVM running for 5.231)
2020-02-23 01:49:20.154 [http-nio-8080-exec-1] INFO  o.a.c.core.ContainerBase.[Tomcat].[localhost].[/] - Initializing Spring DispatcherServlet 'dispatcherServlet'
2020-02-23 01:49:20.155 [http-nio-8080-exec-1] INFO  org.springframework.web.servlet.DispatcherServlet - Initializing Servlet 'dispatcherServlet'
2020-02-23 01:49:20.163 [http-nio-8080-exec-1] INFO  org.springframework.web.servlet.DispatcherServlet - Completed initialization in 8 ms
2020-02-23 01:49:21.323 [http-nio-8080-exec-3] INFO  com.alibaba.druid.pool.DruidDataSource - {dataSource-1} inited
2020-02-23 10:43:29.996 [SpringContextShutdownHook] INFO  o.s.scheduling.concurrent.ThreadPoolTaskExecutor - Shutting down ExecutorService 'applicationTaskExecutor'
2020-02-23 10:43:30.195 [SpringContextShutdownHook] INFO  com.alibaba.druid.pool.DruidDataSource - {dataSource-1} closing ...
2020-02-23 10:43:30.294 [SpringContextShutdownHook] INFO  com.alibaba.druid.pool.DruidDataSource - {dataSource-1} closed
2020-02-23 10:44:06.202 [main] INFO  com.fridy.backend.BackendApplication - Starting BackendApplication on yueyueyueyuedeMacBook-Air.local with PID 44090 (/Users/etsugatsukoshietsu/Projects/javaLearn/fridyBackend/target/classes started by etsugatsukoshietsu in /Users/etsugatsukoshietsu/Projects/javaLearn/fridyBackend)
2020-02-23 10:44:06.208 [main] INFO  com.fridy.backend.BackendApplication - The following profiles are active: dev
2020-02-23 10:44:15.025 [main] INFO  o.s.boot.web.embedded.tomcat.TomcatWebServer - Tomcat initialized with port(s): 8080 (http)
2020-02-23 10:44:15.061 [main] INFO  org.apache.coyote.http11.Http11NioProtocol - Initializing ProtocolHandler ["http-nio-8080"]
2020-02-23 10:44:15.062 [main] INFO  org.apache.catalina.core.StandardService - Starting service [Tomcat]
2020-02-23 10:44:15.063 [main] INFO  org.apache.catalina.core.StandardEngine - Starting Servlet engine: [Apache Tomcat/9.0.30]
2020-02-23 10:44:15.551 [main] INFO  o.a.c.core.ContainerBase.[Tomcat].[localhost].[/] - Initializing Spring embedded WebApplicationContext
2020-02-23 10:44:15.552 [main] INFO  org.springframework.web.context.ContextLoader - Root WebApplicationContext: initialization completed in 9167 ms
2020-02-23 10:44:18.408 [main] INFO  o.s.scheduling.concurrent.ThreadPoolTaskExecutor - Initializing ExecutorService 'applicationTaskExecutor'
2020-02-23 10:44:18.758 [main] INFO  o.s.b.a.web.servlet.WelcomePageHandlerMapping - Adding welcome page template: index
2020-02-23 10:44:20.291 [main] INFO  org.apache.coyote.http11.Http11NioProtocol - Starting ProtocolHandler ["http-nio-8080"]
2020-02-23 10:44:20.396 [main] INFO  o.s.boot.web.embedded.tomcat.TomcatWebServer - Tomcat started on port(s): 8080 (http) with context path ''
2020-02-23 10:44:20.408 [main] INFO  com.fridy.backend.BackendApplication - Started BackendApplication in 15.47 seconds (JVM running for 32.464)
2020-02-23 10:44:22.371 [http-nio-8080-exec-1] INFO  o.a.c.core.ContainerBase.[Tomcat].[localhost].[/] - Initializing Spring DispatcherServlet 'dispatcherServlet'
2020-02-23 10:44:22.372 [http-nio-8080-exec-1] INFO  org.springframework.web.servlet.DispatcherServlet - Initializing Servlet 'dispatcherServlet'
2020-02-23 10:44:22.387 [http-nio-8080-exec-1] INFO  org.springframework.web.servlet.DispatcherServlet - Completed initialization in 15 ms
2020-02-23 10:44:26.792 [http-nio-8080-exec-9] INFO  com.alibaba.druid.pool.DruidDataSource - {dataSource-1} inited
2020-02-23 11:04:23.604 [SpringContextShutdownHook] INFO  o.s.scheduling.concurrent.ThreadPoolTaskExecutor - Shutting down ExecutorService 'applicationTaskExecutor'
2020-02-23 11:04:23.648 [SpringContextShutdownHook] INFO  com.alibaba.druid.pool.DruidDataSource - {dataSource-1} closing ...
2020-02-23 11:04:23.741 [SpringContextShutdownHook] INFO  com.alibaba.druid.pool.DruidDataSource - {dataSource-1} closed
2020-02-23 11:04:29.425 [main] INFO  com.fridy.backend.BackendApplication - Starting BackendApplication on yueyueyueyuedeMacBook-Air.local with PID 44252 (/Users/etsugatsukoshietsu/Projects/javaLearn/fridyBackend/target/classes started by etsugatsukoshietsu in /Users/etsugatsukoshietsu/Projects/javaLearn/fridyBackend)
2020-02-23 11:04:29.430 [main] INFO  com.fridy.backend.BackendApplication - The following profiles are active: dev
2020-02-23 11:04:31.417 [main] INFO  o.s.boot.web.embedded.tomcat.TomcatWebServer - Tomcat initialized with port(s): 8080 (http)
2020-02-23 11:04:31.452 [main] INFO  org.apache.coyote.http11.Http11NioProtocol - Initializing ProtocolHandler ["http-nio-8080"]
2020-02-23 11:04:31.454 [main] INFO  org.apache.catalina.core.StandardService - Starting service [Tomcat]
2020-02-23 11:04:31.454 [main] INFO  org.apache.catalina.core.StandardEngine - Starting Servlet engine: [Apache Tomcat/9.0.30]
2020-02-23 11:04:31.581 [main] INFO  o.a.c.core.ContainerBase.[Tomcat].[localhost].[/] - Initializing Spring embedded WebApplicationContext
2020-02-23 11:04:31.582 [main] INFO  org.springframework.web.context.ContextLoader - Root WebApplicationContext: initialization completed in 1995 ms
2020-02-23 11:04:32.005 [main] INFO  o.s.scheduling.concurrent.ThreadPoolTaskExecutor - Initializing ExecutorService 'applicationTaskExecutor'
2020-02-23 11:04:32.070 [main] INFO  o.s.b.a.web.servlet.WelcomePageHandlerMapping - Adding welcome page template: index
2020-02-23 11:04:32.280 [main] INFO  org.apache.coyote.http11.Http11NioProtocol - Starting ProtocolHandler ["http-nio-8080"]
2020-02-23 11:04:32.322 [main] INFO  o.s.boot.web.embedded.tomcat.TomcatWebServer - Tomcat started on port(s): 8080 (http) with context path ''
2020-02-23 11:04:32.327 [main] INFO  com.fridy.backend.BackendApplication - Started BackendApplication in 3.642 seconds (JVM running for 5.125)
2020-02-23 11:04:46.558 [http-nio-8080-exec-1] INFO  o.a.c.core.ContainerBase.[Tomcat].[localhost].[/] - Initializing Spring DispatcherServlet 'dispatcherServlet'
2020-02-23 11:04:46.558 [http-nio-8080-exec-1] INFO  org.springframework.web.servlet.DispatcherServlet - Initializing Servlet 'dispatcherServlet'
2020-02-23 11:04:46.564 [http-nio-8080-exec-1] INFO  org.springframework.web.servlet.DispatcherServlet - Completed initialization in 6 ms
2020-02-23 11:04:48.493 [http-nio-8080-exec-3] INFO  com.alibaba.druid.pool.DruidDataSource - {dataSource-1} inited
2020-02-23 11:09:06.912 [SpringContextShutdownHook] INFO  o.s.scheduling.concurrent.ThreadPoolTaskExecutor - Shutting down ExecutorService 'applicationTaskExecutor'
2020-02-23 11:09:06.918 [SpringContextShutdownHook] INFO  com.alibaba.druid.pool.DruidDataSource - {dataSource-1} closing ...
2020-02-23 11:09:06.953 [SpringContextShutdownHook] INFO  com.alibaba.druid.pool.DruidDataSource - {dataSource-1} closed
2020-02-23 11:09:13.142 [main] INFO  com.fridy.backend.BackendApplication - Starting BackendApplication on yueyueyueyuedeMacBook-Air.local with PID 44290 (/Users/etsugatsukoshietsu/Projects/javaLearn/fridyBackend/target/classes started by etsugatsukoshietsu in /Users/etsugatsukoshietsu/Projects/javaLearn/fridyBackend)
2020-02-23 11:09:13.175 [main] INFO  com.fridy.backend.BackendApplication - The following profiles are active: dev
2020-02-23 11:09:15.551 [main] INFO  o.s.boot.web.embedded.tomcat.TomcatWebServer - Tomcat initialized with port(s): 8080 (http)
2020-02-23 11:09:15.563 [main] INFO  org.apache.coyote.http11.Http11NioProtocol - Initializing ProtocolHandler ["http-nio-8080"]
2020-02-23 11:09:15.564 [main] INFO  org.apache.catalina.core.StandardService - Starting service [Tomcat]
2020-02-23 11:09:15.565 [main] INFO  org.apache.catalina.core.StandardEngine - Starting Servlet engine: [Apache Tomcat/9.0.30]
2020-02-23 11:09:15.657 [main] INFO  o.a.c.core.ContainerBase.[Tomcat].[localhost].[/] - Initializing Spring embedded WebApplicationContext
2020-02-23 11:09:15.657 [main] INFO  org.springframework.web.context.ContextLoader - Root WebApplicationContext: initialization completed in 2107 ms
2020-02-23 11:09:16.062 [main] INFO  o.s.scheduling.concurrent.ThreadPoolTaskExecutor - Initializing ExecutorService 'applicationTaskExecutor'
2020-02-23 11:09:16.150 [main] INFO  o.s.b.a.web.servlet.WelcomePageHandlerMapping - Adding welcome page template: index
2020-02-23 11:09:16.320 [main] INFO  org.apache.coyote.http11.Http11NioProtocol - Starting ProtocolHandler ["http-nio-8080"]
2020-02-23 11:09:16.359 [main] INFO  o.s.boot.web.embedded.tomcat.TomcatWebServer - Tomcat started on port(s): 8080 (http) with context path ''
2020-02-23 11:09:16.364 [main] INFO  com.fridy.backend.BackendApplication - Started BackendApplication in 4.46 seconds (JVM running for 5.792)
2020-02-23 11:09:58.931 [http-nio-8080-exec-1] INFO  o.a.c.core.ContainerBase.[Tomcat].[localhost].[/] - Initializing Spring DispatcherServlet 'dispatcherServlet'
2020-02-23 11:09:59.217 [http-nio-8080-exec-1] INFO  org.springframework.web.servlet.DispatcherServlet - Initializing Servlet 'dispatcherServlet'
2020-02-23 11:09:59.230 [http-nio-8080-exec-1] INFO  org.springframework.web.servlet.DispatcherServlet - Completed initialization in 12 ms
2020-02-23 11:10:02.331 [http-nio-8080-exec-3] INFO  com.alibaba.druid.pool.DruidDataSource - {dataSource-1} inited
2020-02-23 11:12:55.786 [SpringContextShutdownHook] INFO  o.s.scheduling.concurrent.ThreadPoolTaskExecutor - Shutting down ExecutorService 'applicationTaskExecutor'
2020-02-23 11:12:55.790 [SpringContextShutdownHook] INFO  com.alibaba.druid.pool.DruidDataSource - {dataSource-1} closing ...
2020-02-23 11:12:55.818 [SpringContextShutdownHook] INFO  com.alibaba.druid.pool.DruidDataSource - {dataSource-1} closed
2020-02-23 11:13:01.687 [main] INFO  com.fridy.backend.BackendApplication - Starting BackendApplication on yueyueyueyuedeMacBook-Air.local with PID 44314 (/Users/etsugatsukoshietsu/Projects/javaLearn/fridyBackend/target/classes started by etsugatsukoshietsu in /Users/etsugatsukoshietsu/Projects/javaLearn/fridyBackend)
2020-02-23 11:13:01.692 [main] INFO  com.fridy.backend.BackendApplication - The following profiles are active: dev
2020-02-23 11:13:03.916 [main] INFO  o.s.boot.web.embedded.tomcat.TomcatWebServer - Tomcat initialized with port(s): 8080 (http)
2020-02-23 11:13:03.938 [main] INFO  org.apache.coyote.http11.Http11NioProtocol - Initializing ProtocolHandler ["http-nio-8080"]
2020-02-23 11:13:03.939 [main] INFO  org.apache.catalina.core.StandardService - Starting service [Tomcat]
2020-02-23 11:13:03.939 [main] INFO  org.apache.catalina.core.StandardEngine - Starting Servlet engine: [Apache Tomcat/9.0.30]
2020-02-23 11:13:04.027 [main] INFO  o.a.c.core.ContainerBase.[Tomcat].[localhost].[/] - Initializing Spring embedded WebApplicationContext
2020-02-23 11:13:04.027 [main] INFO  org.springframework.web.context.ContextLoader - Root WebApplicationContext: initialization completed in 2128 ms
2020-02-23 11:13:04.490 [main] INFO  o.s.scheduling.concurrent.ThreadPoolTaskExecutor - Initializing ExecutorService 'applicationTaskExecutor'
2020-02-23 11:13:04.559 [main] INFO  o.s.b.a.web.servlet.WelcomePageHandlerMapping - Adding welcome page template: index
2020-02-23 11:13:04.755 [main] INFO  org.apache.coyote.http11.Http11NioProtocol - Starting ProtocolHandler ["http-nio-8080"]
2020-02-23 11:13:04.798 [main] INFO  o.s.boot.web.embedded.tomcat.TomcatWebServer - Tomcat started on port(s): 8080 (http) with context path ''
2020-02-23 11:13:04.803 [main] INFO  com.fridy.backend.BackendApplication - Started BackendApplication in 4.194 seconds (JVM running for 5.476)
2020-02-23 11:13:14.534 [http-nio-8080-exec-2] INFO  o.a.c.core.ContainerBase.[Tomcat].[localhost].[/] - Initializing Spring DispatcherServlet 'dispatcherServlet'
2020-02-23 11:13:14.535 [http-nio-8080-exec-2] INFO  org.springframework.web.servlet.DispatcherServlet - Initializing Servlet 'dispatcherServlet'
2020-02-23 11:13:14.541 [http-nio-8080-exec-2] INFO  org.springframework.web.servlet.DispatcherServlet - Completed initialization in 6 ms
2020-02-23 11:14:13.443 [SpringContextShutdownHook] INFO  o.s.scheduling.concurrent.ThreadPoolTaskExecutor - Shutting down ExecutorService 'applicationTaskExecutor'
2020-02-23 11:14:13.446 [SpringContextShutdownHook] INFO  com.alibaba.druid.pool.DruidDataSource - {dataSource-0} closing ...
2020-02-23 11:14:19.008 [main] INFO  com.fridy.backend.BackendApplication - Starting BackendApplication on yueyueyueyuedeMacBook-Air.local with PID 44325 (/Users/etsugatsukoshietsu/Projects/javaLearn/fridyBackend/target/classes started by etsugatsukoshietsu in /Users/etsugatsukoshietsu/Projects/javaLearn/fridyBackend)
2020-02-23 11:14:19.011 [main] INFO  com.fridy.backend.BackendApplication - The following profiles are active: dev
2020-02-23 11:14:20.815 [main] INFO  o.s.boot.web.embedded.tomcat.TomcatWebServer - Tomcat initialized with port(s): 8080 (http)
2020-02-23 11:14:20.829 [main] INFO  org.apache.coyote.http11.Http11NioProtocol - Initializing ProtocolHandler ["http-nio-8080"]
2020-02-23 11:14:20.830 [main] INFO  org.apache.catalina.core.StandardService - Starting service [Tomcat]
2020-02-23 11:14:20.830 [main] INFO  org.apache.catalina.core.StandardEngine - Starting Servlet engine: [Apache Tomcat/9.0.30]
2020-02-23 11:14:20.922 [main] INFO  o.a.c.core.ContainerBase.[Tomcat].[localhost].[/] - Initializing Spring embedded WebApplicationContext
2020-02-23 11:14:20.923 [main] INFO  org.springframework.web.context.ContextLoader - Root WebApplicationContext: initialization completed in 1741 ms
2020-02-23 11:14:21.384 [main] INFO  o.s.scheduling.concurrent.ThreadPoolTaskExecutor - Initializing ExecutorService 'applicationTaskExecutor'
2020-02-23 11:14:21.452 [main] INFO  o.s.b.a.web.servlet.WelcomePageHandlerMapping - Adding welcome page template: index
2020-02-23 11:14:21.637 [main] INFO  org.apache.coyote.http11.Http11NioProtocol - Starting ProtocolHandler ["http-nio-8080"]
2020-02-23 11:14:21.681 [main] INFO  o.s.boot.web.embedded.tomcat.TomcatWebServer - Tomcat started on port(s): 8080 (http) with context path ''
2020-02-23 11:14:21.687 [main] INFO  com.fridy.backend.BackendApplication - Started BackendApplication in 3.611 seconds (JVM running for 4.623)
2020-02-23 11:14:29.377 [http-nio-8080-exec-1] INFO  o.a.c.core.ContainerBase.[Tomcat].[localhost].[/] - Initializing Spring DispatcherServlet 'dispatcherServlet'
2020-02-23 11:14:29.377 [http-nio-8080-exec-1] INFO  org.springframework.web.servlet.DispatcherServlet - Initializing Servlet 'dispatcherServlet'
2020-02-23 11:14:29.384 [http-nio-8080-exec-1] INFO  org.springframework.web.servlet.DispatcherServlet - Completed initialization in 7 ms
2020-02-23 11:14:31.645 [http-nio-8080-exec-8] INFO  com.alibaba.druid.pool.DruidDataSource - {dataSource-1} inited
2020-02-23 11:17:25.198 [SpringContextShutdownHook] INFO  o.s.scheduling.concurrent.ThreadPoolTaskExecutor - Shutting down ExecutorService 'applicationTaskExecutor'
2020-02-23 11:17:25.205 [SpringContextShutdownHook] INFO  com.alibaba.druid.pool.DruidDataSource - {dataSource-1} closing ...
2020-02-23 11:17:25.251 [SpringContextShutdownHook] INFO  com.alibaba.druid.pool.DruidDataSource - {dataSource-1} closed
2020-02-23 11:17:30.660 [main] INFO  com.fridy.backend.BackendApplication - Starting BackendApplication on yueyueyueyuedeMacBook-Air.local with PID 44349 (/Users/etsugatsukoshietsu/Projects/javaLearn/fridyBackend/target/classes started by etsugatsukoshietsu in /Users/etsugatsukoshietsu/Projects/javaLearn/fridyBackend)
2020-02-23 11:17:30.663 [main] INFO  com.fridy.backend.BackendApplication - The following profiles are active: dev
2020-02-23 11:17:32.685 [main] INFO  o.s.boot.web.embedded.tomcat.TomcatWebServer - Tomcat initialized with port(s): 8080 (http)
2020-02-23 11:17:32.715 [main] INFO  org.apache.coyote.http11.Http11NioProtocol - Initializing ProtocolHandler ["http-nio-8080"]
2020-02-23 11:17:32.718 [main] INFO  org.apache.catalina.core.StandardService - Starting service [Tomcat]
2020-02-23 11:17:32.719 [main] INFO  org.apache.catalina.core.StandardEngine - Starting Servlet engine: [Apache Tomcat/9.0.30]
2020-02-23 11:17:32.816 [main] INFO  o.a.c.core.ContainerBase.[Tomcat].[localhost].[/] - Initializing Spring embedded WebApplicationContext
2020-02-23 11:17:32.816 [main] INFO  org.springframework.web.context.ContextLoader - Root WebApplicationContext: initialization completed in 1978 ms
2020-02-23 11:17:33.359 [main] INFO  o.s.scheduling.concurrent.ThreadPoolTaskExecutor - Initializing ExecutorService 'applicationTaskExecutor'
2020-02-23 11:17:33.429 [main] INFO  o.s.b.a.web.servlet.WelcomePageHandlerMapping - Adding welcome page template: index
2020-02-23 11:17:33.618 [main] INFO  org.apache.coyote.http11.Http11NioProtocol - Starting ProtocolHandler ["http-nio-8080"]
2020-02-23 11:17:33.659 [main] INFO  o.s.boot.web.embedded.tomcat.TomcatWebServer - Tomcat started on port(s): 8080 (http) with context path ''
2020-02-23 11:17:33.669 [main] INFO  com.fridy.backend.BackendApplication - Started BackendApplication in 3.996 seconds (JVM running for 5.282)
2020-02-23 11:17:40.518 [http-nio-8080-exec-1] INFO  o.a.c.core.ContainerBase.[Tomcat].[localhost].[/] - Initializing Spring DispatcherServlet 'dispatcherServlet'
2020-02-23 11:17:40.519 [http-nio-8080-exec-1] INFO  org.springframework.web.servlet.DispatcherServlet - Initializing Servlet 'dispatcherServlet'
2020-02-23 11:17:40.548 [http-nio-8080-exec-1] INFO  org.springframework.web.servlet.DispatcherServlet - Completed initialization in 28 ms
2020-02-23 11:17:42.654 [http-nio-8080-exec-10] INFO  com.alibaba.druid.pool.DruidDataSource - {dataSource-1} inited
2020-02-23 11:22:36.057 [SpringContextShutdownHook] INFO  o.s.scheduling.concurrent.ThreadPoolTaskExecutor - Shutting down ExecutorService 'applicationTaskExecutor'
2020-02-23 11:22:36.076 [SpringContextShutdownHook] INFO  com.alibaba.druid.pool.DruidDataSource - {dataSource-1} closing ...
2020-02-23 11:22:36.121 [SpringContextShutdownHook] INFO  com.alibaba.druid.pool.DruidDataSource - {dataSource-1} closed
2020-02-23 11:22:41.442 [main] INFO  com.fridy.backend.BackendApplication - Starting BackendApplication on yueyueyueyuedeMacBook-Air.local with PID 44371 (/Users/etsugatsukoshietsu/Projects/javaLearn/fridyBackend/target/classes started by etsugatsukoshietsu in /Users/etsugatsukoshietsu/Projects/javaLearn/fridyBackend)
2020-02-23 11:22:41.447 [main] INFO  com.fridy.backend.BackendApplication - The following profiles are active: dev
2020-02-23 11:22:43.407 [main] INFO  o.s.boot.web.embedded.tomcat.TomcatWebServer - Tomcat initialized with port(s): 8080 (http)
2020-02-23 11:22:43.442 [main] INFO  org.apache.coyote.http11.Http11NioProtocol - Initializing ProtocolHandler ["http-nio-8080"]
2020-02-23 11:22:43.444 [main] INFO  org.apache.catalina.core.StandardService - Starting service [Tomcat]
2020-02-23 11:22:43.445 [main] INFO  org.apache.catalina.core.StandardEngine - Starting Servlet engine: [Apache Tomcat/9.0.30]
2020-02-23 11:22:43.539 [main] INFO  o.a.c.core.ContainerBase.[Tomcat].[localhost].[/] - Initializing Spring embedded WebApplicationContext
2020-02-23 11:22:43.540 [main] INFO  org.springframework.web.context.ContextLoader - Root WebApplicationContext: initialization completed in 1886 ms
2020-02-23 11:22:43.965 [main] INFO  o.s.scheduling.concurrent.ThreadPoolTaskExecutor - Initializing ExecutorService 'applicationTaskExecutor'
2020-02-23 11:22:44.031 [main] INFO  o.s.b.a.web.servlet.WelcomePageHandlerMapping - Adding welcome page template: index
2020-02-23 11:22:44.229 [main] INFO  org.apache.coyote.http11.Http11NioProtocol - Starting ProtocolHandler ["http-nio-8080"]
2020-02-23 11:22:44.272 [main] INFO  o.s.boot.web.embedded.tomcat.TomcatWebServer - Tomcat started on port(s): 8080 (http) with context path ''
2020-02-23 11:22:44.277 [main] INFO  com.fridy.backend.BackendApplication - Started BackendApplication in 3.721 seconds (JVM running for 4.813)
2020-02-23 11:22:48.566 [http-nio-8080-exec-1] INFO  o.a.c.core.ContainerBase.[Tomcat].[localhost].[/] - Initializing Spring DispatcherServlet 'dispatcherServlet'
2020-02-23 11:22:48.566 [http-nio-8080-exec-1] INFO  org.springframework.web.servlet.DispatcherServlet - Initializing Servlet 'dispatcherServlet'
2020-02-23 11:22:48.574 [http-nio-8080-exec-1] INFO  org.springframework.web.servlet.DispatcherServlet - Completed initialization in 8 ms
2020-02-23 11:22:50.409 [http-nio-8080-exec-8] INFO  com.alibaba.druid.pool.DruidDataSource - {dataSource-1} inited
2020-02-23 11:22:57.048 [http-nio-8080-exec-9] INFO  org.apache.coyote.http11.Http11Processor - Error parsing HTTP request header
 Note: further occurrences of HTTP request parsing errors will be logged at DEBUG level.
java.lang.IllegalArgumentException: Invalid character found in the request target. The valid characters are defined in RFC 7230 and RFC 3986
	at org.apache.coyote.http11.Http11InputBuffer.parseRequestLine(Http11InputBuffer.java:468)
	at org.apache.coyote.http11.Http11Processor.service(Http11Processor.java:260)
	at org.apache.coyote.AbstractProcessorLight.process(AbstractProcessorLight.java:65)
	at org.apache.coyote.AbstractProtocol$ConnectionHandler.process(AbstractProtocol.java:860)
	at org.apache.tomcat.util.net.NioEndpoint$SocketProcessor.doRun(NioEndpoint.java:1598)
	at org.apache.tomcat.util.net.SocketProcessorBase.run(SocketProcessorBase.java:49)
	at java.util.concurrent.ThreadPoolExecutor.runWorker(ThreadPoolExecutor.java:1149)
	at java.util.concurrent.ThreadPoolExecutor$Worker.run(ThreadPoolExecutor.java:624)
	at org.apache.tomcat.util.threads.TaskThread$WrappingRunnable.run(TaskThread.java:61)
	at java.lang.Thread.run(Thread.java:748)
2020-02-23 11:25:15.567 [SpringContextShutdownHook] INFO  o.s.scheduling.concurrent.ThreadPoolTaskExecutor - Shutting down ExecutorService 'applicationTaskExecutor'
2020-02-23 11:25:15.586 [SpringContextShutdownHook] INFO  com.alibaba.druid.pool.DruidDataSource - {dataSource-1} closing ...
2020-02-23 11:25:15.615 [SpringContextShutdownHook] INFO  com.alibaba.druid.pool.DruidDataSource - {dataSource-1} closed
2020-02-23 11:25:23.832 [main] INFO  com.fridy.backend.BackendApplication - Starting BackendApplication on yueyueyueyuedeMacBook-Air.local with PID 44383 (/Users/etsugatsukoshietsu/Projects/javaLearn/fridyBackend/target/classes started by etsugatsukoshietsu in /Users/etsugatsukoshietsu/Projects/javaLearn/fridyBackend)
2020-02-23 11:25:23.842 [main] INFO  com.fridy.backend.BackendApplication - The following profiles are active: dev
2020-02-23 11:25:26.393 [main] INFO  o.s.boot.web.embedded.tomcat.TomcatWebServer - Tomcat initialized with port(s): 8080 (http)
2020-02-23 11:25:26.403 [main] INFO  org.apache.coyote.http11.Http11NioProtocol - Initializing ProtocolHandler ["http-nio-8080"]
2020-02-23 11:25:26.404 [main] INFO  org.apache.catalina.core.StandardService - Starting service [Tomcat]
2020-02-23 11:25:26.404 [main] INFO  org.apache.catalina.core.StandardEngine - Starting Servlet engine: [Apache Tomcat/9.0.30]
2020-02-23 11:25:26.507 [main] INFO  o.a.c.core.ContainerBase.[Tomcat].[localhost].[/] - Initializing Spring embedded WebApplicationContext
2020-02-23 11:25:26.507 [main] INFO  org.springframework.web.context.ContextLoader - Root WebApplicationContext: initialization completed in 2271 ms
2020-02-23 11:25:26.975 [main] INFO  o.s.scheduling.concurrent.ThreadPoolTaskExecutor - Initializing ExecutorService 'applicationTaskExecutor'
2020-02-23 11:25:27.058 [main] INFO  o.s.b.a.web.servlet.WelcomePageHandlerMapping - Adding welcome page template: index
2020-02-23 11:25:27.305 [main] INFO  org.apache.coyote.http11.Http11NioProtocol - Starting ProtocolHandler ["http-nio-8080"]
2020-02-23 11:25:27.360 [main] INFO  o.s.boot.web.embedded.tomcat.TomcatWebServer - Tomcat started on port(s): 8080 (http) with context path ''
2020-02-23 11:25:27.365 [main] INFO  com.fridy.backend.BackendApplication - Started BackendApplication in 4.866 seconds (JVM running for 5.994)
2020-02-23 11:25:33.577 [http-nio-8080-exec-1] INFO  o.a.c.core.ContainerBase.[Tomcat].[localhost].[/] - Initializing Spring DispatcherServlet 'dispatcherServlet'
2020-02-23 11:25:33.578 [http-nio-8080-exec-1] INFO  org.springframework.web.servlet.DispatcherServlet - Initializing Servlet 'dispatcherServlet'
2020-02-23 11:25:33.585 [http-nio-8080-exec-1] INFO  org.springframework.web.servlet.DispatcherServlet - Completed initialization in 6 ms
2020-02-23 11:25:41.970 [http-nio-8080-exec-2] INFO  org.apache.coyote.http11.Http11Processor - Error parsing HTTP request header
 Note: further occurrences of HTTP request parsing errors will be logged at DEBUG level.
java.lang.IllegalArgumentException: Invalid character found in the request target. The valid characters are defined in RFC 7230 and RFC 3986
	at org.apache.coyote.http11.Http11InputBuffer.parseRequestLine(Http11InputBuffer.java:468)
	at org.apache.coyote.http11.Http11Processor.service(Http11Processor.java:260)
	at org.apache.coyote.AbstractProcessorLight.process(AbstractProcessorLight.java:65)
	at org.apache.coyote.AbstractProtocol$ConnectionHandler.process(AbstractProtocol.java:860)
	at org.apache.tomcat.util.net.NioEndpoint$SocketProcessor.doRun(NioEndpoint.java:1598)
	at org.apache.tomcat.util.net.SocketProcessorBase.run(SocketProcessorBase.java:49)
	at java.util.concurrent.ThreadPoolExecutor.runWorker(ThreadPoolExecutor.java:1149)
	at java.util.concurrent.ThreadPoolExecutor$Worker.run(ThreadPoolExecutor.java:624)
	at org.apache.tomcat.util.threads.TaskThread$WrappingRunnable.run(TaskThread.java:61)
	at java.lang.Thread.run(Thread.java:748)
2020-02-23 11:26:54.366 [SpringContextShutdownHook] INFO  o.s.scheduling.concurrent.ThreadPoolTaskExecutor - Shutting down ExecutorService 'applicationTaskExecutor'
2020-02-23 11:26:54.379 [SpringContextShutdownHook] INFO  com.alibaba.druid.pool.DruidDataSource - {dataSource-0} closing ...
2020-02-23 11:27:00.673 [main] INFO  com.fridy.backend.BackendApplication - Starting BackendApplication on yueyueyueyuedeMacBook-Air.local with PID 44396 (/Users/etsugatsukoshietsu/Projects/javaLearn/fridyBackend/target/classes started by etsugatsukoshietsu in /Users/etsugatsukoshietsu/Projects/javaLearn/fridyBackend)
2020-02-23 11:27:00.692 [main] INFO  com.fridy.backend.BackendApplication - The following profiles are active: dev
2020-02-23 11:27:02.731 [main] INFO  o.s.boot.web.embedded.tomcat.TomcatWebServer - Tomcat initialized with port(s): 8080 (http)
2020-02-23 11:27:02.767 [main] INFO  org.apache.coyote.http11.Http11NioProtocol - Initializing ProtocolHandler ["http-nio-8080"]
2020-02-23 11:27:02.769 [main] INFO  org.apache.catalina.core.StandardService - Starting service [Tomcat]
2020-02-23 11:27:02.769 [main] INFO  org.apache.catalina.core.StandardEngine - Starting Servlet engine: [Apache Tomcat/9.0.30]
2020-02-23 11:27:02.871 [main] INFO  o.a.c.core.ContainerBase.[Tomcat].[localhost].[/] - Initializing Spring embedded WebApplicationContext
2020-02-23 11:27:02.872 [main] INFO  org.springframework.web.context.ContextLoader - Root WebApplicationContext: initialization completed in 1965 ms
2020-02-23 11:27:03.458 [main] INFO  o.s.scheduling.concurrent.ThreadPoolTaskExecutor - Initializing ExecutorService 'applicationTaskExecutor'
2020-02-23 11:27:03.536 [main] INFO  o.s.b.a.web.servlet.WelcomePageHandlerMapping - Adding welcome page template: index
2020-02-23 11:27:03.778 [main] INFO  org.apache.coyote.http11.Http11NioProtocol - Starting ProtocolHandler ["http-nio-8080"]
2020-02-23 11:27:03.834 [main] INFO  o.s.boot.web.embedded.tomcat.TomcatWebServer - Tomcat started on port(s): 8080 (http) with context path ''
2020-02-23 11:27:03.840 [main] INFO  com.fridy.backend.BackendApplication - Started BackendApplication in 4.283 seconds (JVM running for 5.315)
2020-02-23 11:27:13.346 [http-nio-8080-exec-1] INFO  o.a.c.core.ContainerBase.[Tomcat].[localhost].[/] - Initializing Spring DispatcherServlet 'dispatcherServlet'
2020-02-23 11:27:13.349 [http-nio-8080-exec-1] INFO  org.springframework.web.servlet.DispatcherServlet - Initializing Servlet 'dispatcherServlet'
2020-02-23 11:27:13.361 [http-nio-8080-exec-1] INFO  org.springframework.web.servlet.DispatcherServlet - Completed initialization in 12 ms
2020-02-23 11:27:15.666 [http-nio-8080-exec-8] INFO  com.alibaba.druid.pool.DruidDataSource - {dataSource-1} inited
2020-02-23 11:27:30.481 [http-nio-8080-exec-9] INFO  org.apache.coyote.http11.Http11Processor - Error parsing HTTP request header
 Note: further occurrences of HTTP request parsing errors will be logged at DEBUG level.
java.lang.IllegalArgumentException: Invalid character found in the request target. The valid characters are defined in RFC 7230 and RFC 3986
	at org.apache.coyote.http11.Http11InputBuffer.parseRequestLine(Http11InputBuffer.java:468)
	at org.apache.coyote.http11.Http11Processor.service(Http11Processor.java:260)
	at org.apache.coyote.AbstractProcessorLight.process(AbstractProcessorLight.java:65)
	at org.apache.coyote.AbstractProtocol$ConnectionHandler.process(AbstractProtocol.java:860)
	at org.apache.tomcat.util.net.NioEndpoint$SocketProcessor.doRun(NioEndpoint.java:1598)
	at org.apache.tomcat.util.net.SocketProcessorBase.run(SocketProcessorBase.java:49)
	at java.util.concurrent.ThreadPoolExecutor.runWorker(ThreadPoolExecutor.java:1149)
	at java.util.concurrent.ThreadPoolExecutor$Worker.run(ThreadPoolExecutor.java:624)
	at org.apache.tomcat.util.threads.TaskThread$WrappingRunnable.run(TaskThread.java:61)
	at java.lang.Thread.run(Thread.java:748)
2020-02-23 11:27:51.979 [SpringContextShutdownHook] INFO  o.s.scheduling.concurrent.ThreadPoolTaskExecutor - Shutting down ExecutorService 'applicationTaskExecutor'
2020-02-23 11:27:51.980 [SpringContextShutdownHook] INFO  com.alibaba.druid.pool.DruidDataSource - {dataSource-1} closing ...
2020-02-23 11:27:52.003 [SpringContextShutdownHook] INFO  com.alibaba.druid.pool.DruidDataSource - {dataSource-1} closed
2020-02-23 11:27:59.393 [main] INFO  com.fridy.backend.BackendApplication - Starting BackendApplication on yueyueyueyuedeMacBook-Air.local with PID 44404 (/Users/etsugatsukoshietsu/Projects/javaLearn/fridyBackend/target/classes started by etsugatsukoshietsu in /Users/etsugatsukoshietsu/Projects/javaLearn/fridyBackend)
2020-02-23 11:27:59.398 [main] INFO  com.fridy.backend.BackendApplication - The following profiles are active: dev
2020-02-23 11:28:01.863 [main] INFO  o.s.boot.web.embedded.tomcat.TomcatWebServer - Tomcat initialized with port(s): 8080 (http)
2020-02-23 11:28:01.878 [main] INFO  org.apache.coyote.http11.Http11NioProtocol - Initializing ProtocolHandler ["http-nio-8080"]
2020-02-23 11:28:01.879 [main] INFO  org.apache.catalina.core.StandardService - Starting service [Tomcat]
2020-02-23 11:28:01.880 [main] INFO  org.apache.catalina.core.StandardEngine - Starting Servlet engine: [Apache Tomcat/9.0.30]
2020-02-23 11:28:01.999 [main] INFO  o.a.c.core.ContainerBase.[Tomcat].[localhost].[/] - Initializing Spring embedded WebApplicationContext
2020-02-23 11:28:01.999 [main] INFO  org.springframework.web.context.ContextLoader - Root WebApplicationContext: initialization completed in 2381 ms
2020-02-23 11:28:02.512 [main] INFO  o.s.scheduling.concurrent.ThreadPoolTaskExecutor - Initializing ExecutorService 'applicationTaskExecutor'
2020-02-23 11:28:02.587 [main] INFO  o.s.b.a.web.servlet.WelcomePageHandlerMapping - Adding welcome page template: index
2020-02-23 11:28:02.798 [main] INFO  org.apache.coyote.http11.Http11NioProtocol - Starting ProtocolHandler ["http-nio-8080"]
2020-02-23 11:28:02.841 [main] INFO  o.s.boot.web.embedded.tomcat.TomcatWebServer - Tomcat started on port(s): 8080 (http) with context path ''
2020-02-23 11:28:02.846 [main] INFO  com.fridy.backend.BackendApplication - Started BackendApplication in 4.22 seconds (JVM running for 6.295)
2020-02-23 11:28:03.865 [http-nio-8080-exec-1] INFO  o.a.c.core.ContainerBase.[Tomcat].[localhost].[/] - Initializing Spring DispatcherServlet 'dispatcherServlet'
2020-02-23 11:28:03.866 [http-nio-8080-exec-1] INFO  org.springframework.web.servlet.DispatcherServlet - Initializing Servlet 'dispatcherServlet'
2020-02-23 11:28:03.876 [http-nio-8080-exec-1] INFO  org.springframework.web.servlet.DispatcherServlet - Completed initialization in 10 ms
2020-02-23 11:28:06.734 [http-nio-8080-exec-3] INFO  com.alibaba.druid.pool.DruidDataSource - {dataSource-1} inited
2020-02-23 11:33:45.298 [SpringContextShutdownHook] INFO  o.s.scheduling.concurrent.ThreadPoolTaskExecutor - Shutting down ExecutorService 'applicationTaskExecutor'
2020-02-23 11:33:45.302 [SpringContextShutdownHook] INFO  com.alibaba.druid.pool.DruidDataSource - {dataSource-1} closing ...
2020-02-23 11:33:45.323 [SpringContextShutdownHook] INFO  com.alibaba.druid.pool.DruidDataSource - {dataSource-1} closed
2020-02-23 11:33:53.475 [main] INFO  com.fridy.backend.BackendApplication - Starting BackendApplication on yueyueyyuedeAir with PID 44463 (/Users/etsugatsukoshietsu/Projects/javaLearn/fridyBackend/target/classes started by etsugatsukoshietsu in /Users/etsugatsukoshietsu/Projects/javaLearn/fridyBackend)
2020-02-23 11:33:53.480 [main] INFO  com.fridy.backend.BackendApplication - The following profiles are active: dev
2020-02-23 11:33:55.433 [main] INFO  o.s.boot.web.embedded.tomcat.TomcatWebServer - Tomcat initialized with port(s): 8080 (http)
2020-02-23 11:33:55.466 [main] INFO  org.apache.coyote.http11.Http11NioProtocol - Initializing ProtocolHandler ["http-nio-8080"]
2020-02-23 11:33:55.468 [main] INFO  org.apache.catalina.core.StandardService - Starting service [Tomcat]
2020-02-23 11:33:55.468 [main] INFO  org.apache.catalina.core.StandardEngine - Starting Servlet engine: [Apache Tomcat/9.0.30]
2020-02-23 11:33:55.554 [main] INFO  o.a.c.core.ContainerBase.[Tomcat].[localhost].[/] - Initializing Spring embedded WebApplicationContext
2020-02-23 11:33:55.554 [main] INFO  org.springframework.web.context.ContextLoader - Root WebApplicationContext: initialization completed in 1834 ms
2020-02-23 11:33:55.983 [main] INFO  o.s.scheduling.concurrent.ThreadPoolTaskExecutor - Initializing ExecutorService 'applicationTaskExecutor'
2020-02-23 11:33:56.051 [main] INFO  o.s.b.a.web.servlet.WelcomePageHandlerMapping - Adding welcome page template: index
2020-02-23 11:33:56.272 [main] INFO  org.apache.coyote.http11.Http11NioProtocol - Starting ProtocolHandler ["http-nio-8080"]
2020-02-23 11:33:56.314 [main] INFO  o.s.boot.web.embedded.tomcat.TomcatWebServer - Tomcat started on port(s): 8080 (http) with context path ''
2020-02-23 11:33:56.320 [main] INFO  com.fridy.backend.BackendApplication - Started BackendApplication in 3.857 seconds (JVM running for 5.519)
2020-02-23 11:34:01.501 [http-nio-8080-exec-1] INFO  o.a.c.core.ContainerBase.[Tomcat].[localhost].[/] - Initializing Spring DispatcherServlet 'dispatcherServlet'
2020-02-23 11:34:01.579 [http-nio-8080-exec-1] INFO  org.springframework.web.servlet.DispatcherServlet - Initializing Servlet 'dispatcherServlet'
2020-02-23 11:34:01.592 [http-nio-8080-exec-1] INFO  org.springframework.web.servlet.DispatcherServlet - Completed initialization in 12 ms
2020-02-23 11:34:03.117 [http-nio-8080-exec-3] INFO  com.alibaba.druid.pool.DruidDataSource - {dataSource-1} inited
2020-02-23 11:37:01.981 [SpringContextShutdownHook] INFO  o.s.scheduling.concurrent.ThreadPoolTaskExecutor - Shutting down ExecutorService 'applicationTaskExecutor'
2020-02-23 11:37:01.993 [SpringContextShutdownHook] INFO  com.alibaba.druid.pool.DruidDataSource - {dataSource-1} closing ...
2020-02-23 11:37:02.031 [SpringContextShutdownHook] INFO  com.alibaba.druid.pool.DruidDataSource - {dataSource-1} closed
2020-02-23 11:37:09.289 [main] INFO  com.fridy.backend.BackendApplication - Starting BackendApplication on yueyueyyuedeAir with PID 44536 (/Users/etsugatsukoshietsu/Projects/javaLearn/fridyBackend/target/classes started by etsugatsukoshietsu in /Users/etsugatsukoshietsu/Projects/javaLearn/fridyBackend)
2020-02-23 11:37:09.316 [main] INFO  com.fridy.backend.BackendApplication - The following profiles are active: dev
2020-02-23 11:37:11.160 [main] INFO  o.s.boot.web.embedded.tomcat.TomcatWebServer - Tomcat initialized with port(s): 8080 (http)
2020-02-23 11:37:11.198 [main] INFO  org.apache.coyote.http11.Http11NioProtocol - Initializing ProtocolHandler ["http-nio-8080"]
2020-02-23 11:37:11.199 [main] INFO  org.apache.catalina.core.StandardService - Starting service [Tomcat]
2020-02-23 11:37:11.199 [main] INFO  org.apache.catalina.core.StandardEngine - Starting Servlet engine: [Apache Tomcat/9.0.30]
2020-02-23 11:37:11.299 [main] INFO  o.a.c.core.ContainerBase.[Tomcat].[localhost].[/] - Initializing Spring embedded WebApplicationContext
2020-02-23 11:37:11.299 [main] INFO  org.springframework.web.context.ContextLoader - Root WebApplicationContext: initialization completed in 1755 ms
2020-02-23 11:37:11.746 [main] INFO  o.s.scheduling.concurrent.ThreadPoolTaskExecutor - Initializing ExecutorService 'applicationTaskExecutor'
2020-02-23 11:37:11.814 [main] INFO  o.s.b.a.web.servlet.WelcomePageHandlerMapping - Adding welcome page template: index
2020-02-23 11:37:11.983 [main] INFO  org.apache.coyote.http11.Http11NioProtocol - Starting ProtocolHandler ["http-nio-8080"]
2020-02-23 11:37:12.022 [main] INFO  o.s.boot.web.embedded.tomcat.TomcatWebServer - Tomcat started on port(s): 8080 (http) with context path ''
2020-02-23 11:37:12.027 [main] INFO  com.fridy.backend.BackendApplication - Started BackendApplication in 3.765 seconds (JVM running for 4.759)
2020-02-23 11:37:18.751 [http-nio-8080-exec-2] INFO  o.a.c.core.ContainerBase.[Tomcat].[localhost].[/] - Initializing Spring DispatcherServlet 'dispatcherServlet'
2020-02-23 11:37:18.752 [http-nio-8080-exec-2] INFO  org.springframework.web.servlet.DispatcherServlet - Initializing Servlet 'dispatcherServlet'
2020-02-23 11:37:18.758 [http-nio-8080-exec-2] INFO  org.springframework.web.servlet.DispatcherServlet - Completed initialization in 6 ms
2020-02-23 11:37:20.242 [http-nio-8080-exec-3] INFO  com.alibaba.druid.pool.DruidDataSource - {dataSource-1} inited
2020-02-23 18:13:20.866 [SpringContextShutdownHook] INFO  o.s.scheduling.concurrent.ThreadPoolTaskExecutor - Shutting down ExecutorService 'applicationTaskExecutor'
2020-02-23 18:13:20.906 [SpringContextShutdownHook] INFO  com.alibaba.druid.pool.DruidDataSource - {dataSource-1} closing ...
2020-02-23 18:13:20.923 [SpringContextShutdownHook] INFO  com.alibaba.druid.pool.DruidDataSource - {dataSource-1} closed
2020-02-23 18:18:30.662 [main] INFO  com.fridy.backend.BackendApplication - Starting BackendApplication on yueyueyyuedeAir with PID 45058 (/Users/etsugatsukoshietsu/Projects/javaLearn/fridyBackend/target/classes started by etsugatsukoshietsu in /Users/etsugatsukoshietsu/Projects/javaLearn/fridyBackend)
2020-02-23 18:18:30.674 [main] INFO  com.fridy.backend.BackendApplication - The following profiles are active: dev
2020-02-23 18:18:33.035 [main] INFO  o.s.boot.web.embedded.tomcat.TomcatWebServer - Tomcat initialized with port(s): 8080 (http)
2020-02-23 18:18:33.063 [main] INFO  org.apache.coyote.http11.Http11NioProtocol - Initializing ProtocolHandler ["http-nio-8080"]
2020-02-23 18:18:33.064 [main] INFO  org.apache.catalina.core.StandardService - Starting service [Tomcat]
2020-02-23 18:18:33.065 [main] INFO  org.apache.catalina.core.StandardEngine - Starting Servlet engine: [Apache Tomcat/9.0.30]
2020-02-23 18:18:33.181 [main] INFO  o.a.c.core.ContainerBase.[Tomcat].[localhost].[/] - Initializing Spring embedded WebApplicationContext
2020-02-23 18:18:33.181 [main] INFO  org.springframework.web.context.ContextLoader - Root WebApplicationContext: initialization completed in 2120 ms
2020-02-23 18:18:33.796 [main] INFO  o.s.scheduling.concurrent.ThreadPoolTaskExecutor - Initializing ExecutorService 'applicationTaskExecutor'
2020-02-23 18:18:33.905 [main] INFO  o.s.b.a.web.servlet.WelcomePageHandlerMapping - Adding welcome page template: index
2020-02-23 18:18:34.180 [main] INFO  org.apache.coyote.http11.Http11NioProtocol - Starting ProtocolHandler ["http-nio-8080"]
2020-02-23 18:18:34.228 [main] INFO  o.s.boot.web.embedded.tomcat.TomcatWebServer - Tomcat started on port(s): 8080 (http) with context path ''
2020-02-23 18:18:34.234 [main] INFO  com.fridy.backend.BackendApplication - Started BackendApplication in 4.866 seconds (JVM running for 6.478)
2020-02-23 18:19:19.912 [http-nio-8080-exec-1] INFO  o.a.c.core.ContainerBase.[Tomcat].[localhost].[/] - Initializing Spring DispatcherServlet 'dispatcherServlet'
2020-02-23 18:19:19.913 [http-nio-8080-exec-1] INFO  org.springframework.web.servlet.DispatcherServlet - Initializing Servlet 'dispatcherServlet'
2020-02-23 18:19:19.947 [http-nio-8080-exec-1] INFO  org.springframework.web.servlet.DispatcherServlet - Completed initialization in 33 ms
2020-02-23 18:19:22.514 [http-nio-8080-exec-9] INFO  com.alibaba.druid.pool.DruidDataSource - {dataSource-1} inited
2020-02-23 18:20:56.578 [SpringContextShutdownHook] INFO  o.s.scheduling.concurrent.ThreadPoolTaskExecutor - Shutting down ExecutorService 'applicationTaskExecutor'
2020-02-23 18:20:56.590 [SpringContextShutdownHook] INFO  com.alibaba.druid.pool.DruidDataSource - {dataSource-1} closing ...
2020-02-23 18:20:56.618 [SpringContextShutdownHook] INFO  com.alibaba.druid.pool.DruidDataSource - {dataSource-1} closed
2020-02-23 18:21:02.847 [main] INFO  com.fridy.backend.BackendApplication - Starting BackendApplication on yueyueyyuedeAir with PID 45129 (/Users/etsugatsukoshietsu/Projects/javaLearn/fridyBackend/target/classes started by etsugatsukoshietsu in /Users/etsugatsukoshietsu/Projects/javaLearn/fridyBackend)
2020-02-23 18:21:02.858 [main] INFO  com.fridy.backend.BackendApplication - The following profiles are active: dev
2020-02-23 18:21:05.331 [main] INFO  o.s.boot.web.embedded.tomcat.TomcatWebServer - Tomcat initialized with port(s): 8080 (http)
2020-02-23 18:21:05.345 [main] INFO  org.apache.coyote.http11.Http11NioProtocol - Initializing ProtocolHandler ["http-nio-8080"]
2020-02-23 18:21:05.347 [main] INFO  org.apache.catalina.core.StandardService - Starting service [Tomcat]
2020-02-23 18:21:05.348 [main] INFO  org.apache.catalina.core.StandardEngine - Starting Servlet engine: [Apache Tomcat/9.0.30]
2020-02-23 18:21:05.436 [main] INFO  o.a.c.core.ContainerBase.[Tomcat].[localhost].[/] - Initializing Spring embedded WebApplicationContext
2020-02-23 18:21:05.437 [main] INFO  org.springframework.web.context.ContextLoader - Root WebApplicationContext: initialization completed in 2444 ms
2020-02-23 18:21:05.904 [main] INFO  o.s.scheduling.concurrent.ThreadPoolTaskExecutor - Initializing ExecutorService 'applicationTaskExecutor'
2020-02-23 18:21:05.970 [main] INFO  o.s.b.a.web.servlet.WelcomePageHandlerMapping - Adding welcome page template: index
2020-02-23 18:21:06.150 [main] INFO  org.apache.coyote.http11.Http11NioProtocol - Starting ProtocolHandler ["http-nio-8080"]
2020-02-23 18:21:06.200 [main] INFO  o.s.boot.web.embedded.tomcat.TomcatWebServer - Tomcat started on port(s): 8080 (http) with context path ''
2020-02-23 18:21:06.207 [main] INFO  com.fridy.backend.BackendApplication - Started BackendApplication in 4.953 seconds (JVM running for 6.332)
2020-02-23 18:21:09.900 [http-nio-8080-exec-1] INFO  o.a.c.core.ContainerBase.[Tomcat].[localhost].[/] - Initializing Spring DispatcherServlet 'dispatcherServlet'
2020-02-23 18:21:09.900 [http-nio-8080-exec-1] INFO  org.springframework.web.servlet.DispatcherServlet - Initializing Servlet 'dispatcherServlet'
2020-02-23 18:21:09.911 [http-nio-8080-exec-1] INFO  org.springframework.web.servlet.DispatcherServlet - Completed initialization in 10 ms
2020-02-23 18:21:11.983 [http-nio-8080-exec-8] INFO  com.alibaba.druid.pool.DruidDataSource - {dataSource-1} inited
